<?xml version="1.0" encoding="UTF-8"?>
<!-- Generated by org.testng.reporters.JUnitReportReporter -->
<testsuite hostname="WONDR9LGW9M6C2" failures="0" tests="11" name="com.qa.opencart.test.AccountsPageTest" time="73.136" errors="0" timestamp="2022-12-24T11:51:18 IST" skipped="0">
  <testcase classname="com.qa.opencart.test.AccountsPageTest" name="accPageTitleTest" time="0.008"/>
  <system-out/>
  <testcase classname="com.qa.opencart.test.AccountsPageTest" name="accPageHeaderTest" time="1.503"/>
  <system-out/>
  <testcase classname="com.qa.opencart.test.AccountsPageTest" name="isLogoutExistTest" time="1.212"/>
  <system-out/>
  <testcase classname="com.qa.opencart.test.AccountsPageTest" name="accPageSectionsTest" time="0.279"/>
  <system-out/>
  <testcase classname="com.qa.opencart.test.AccountsPageTest" name="searchTest" time="7.508"/>
  <system-out/>
  <testcase classname="com.qa.opencart.test.AccountsPageTest" name="searchTest" time="4.153"/>
  <system-out/>
  <testcase classname="com.qa.opencart.test.AccountsPageTest" name="searchTest" time="5.363"/>
  <system-out/>
  <testcase classname="com.qa.opencart.test.AccountsPageTest" name="selectProductTest" time="18.067"/>
  <system-out/>
  <testcase classname="com.qa.opencart.test.AccountsPageTest" name="selectProductTest" time="14.333"/>
  <system-out/>
  <testcase classname="com.qa.opencart.test.AccountsPageTest" name="selectProductTest" time="11.020"/>
  <system-out/>
  <testcase classname="com.qa.opencart.test.AccountsPageTest" name="selectProductTest" time="9.690"/>
  <system-out/>
</testsuite> <!-- com.qa.opencart.test.AccountsPageTest -->
