<?xml version="1.0" encoding="UTF-8"?>
<!-- Generated by org.testng.reporters.JUnitReportReporter -->
<testsuite hostname="WONDR9LGW9M6C2" failures="0" tests="5" name="com.qa.opencart.test.LoginpageTest" time="2.237" errors="0" timestamp="2022-12-23T22:27:02 IST" skipped="0">
  <testcase classname="com.qa.opencart.test.LoginpageTest" name="loginpagetitletest" time="0.105"/>
  <system-out/>
  <testcase classname="com.qa.opencart.test.LoginpageTest" name="loginpageurltest" time="0.013"/>
  <system-out/>
  <testcase classname="com.qa.opencart.test.LoginpageTest" name="forgetpwdlinktest" time="0.130"/>
  <system-out/>
  <testcase classname="com.qa.opencart.test.LoginpageTest" name="registerlinktest" time="0.055"/>
  <system-out/>
  <testcase classname="com.qa.opencart.test.LoginpageTest" name="loginTest" time="1.934"/>
  <system-out/>
</testsuite> <!-- com.qa.opencart.test.LoginpageTest -->
