<?xml version="1.0" encoding="UTF-8"?>
<!-- Generated by org.testng.reporters.JUnitReportReporter -->
<testsuite hostname="WONDR9LGW9M6C2" failures="0" tests="12" name="com.qa.opencart.test.AccountpageTest" time="0.003" errors="1" timestamp="2022-11-18T08:24:45 IST" skipped="11">
  <testcase classname="com.qa.opencart.test.AccountpageTest" name="accPageSetup" time="0.001">
    <error type="java.lang.NullPointerException">
      <![CDATA[java.lang.NullPointerException
at com.qa.opencart.test.AccountpageTest.accPageSetup(AccountpageTest.java:24)
at java.base/jdk.internal.reflect.NativeMethodAccessorImpl.invoke0(Native Method)
at java.base/jdk.internal.reflect.NativeMethodAccessorImpl.invoke(NativeMethodAccessorImpl.java:62)
at java.base/jdk.internal.reflect.DelegatingMethodAccessorImpl.invoke(DelegatingMethodAccessorImpl.java:43)
at java.base/java.lang.reflect.Method.invoke(Method.java:566)
at org.testng.internal.invokers.MethodInvocationHelper.invokeMethod(MethodInvocationHelper.java:139)
at org.testng.internal.invokers.MethodInvocationHelper.invokeMethodConsideringTimeout(MethodInvocationHelper.java:69)
at org.testng.internal.invokers.ConfigInvoker.invokeConfigurationMethod(ConfigInvoker.java:361)
at org.testng.internal.invokers.ConfigInvoker.invokeConfigurations(ConfigInvoker.java:296)
at org.testng.internal.invokers.TestMethodWorker.invokeBeforeClassMethods(TestMethodWorker.java:180)
at org.testng.internal.invokers.TestMethodWorker.run(TestMethodWorker.java:122)
at java.base/java.util.ArrayList.forEach(ArrayList.java:1540)
at org.testng.TestRunner.privateRun(TestRunner.java:806)
at org.testng.TestRunner.run(TestRunner.java:601)
at org.testng.SuiteRunner.runTest(SuiteRunner.java:433)
at org.testng.SuiteRunner.runSequentially(SuiteRunner.java:427)
at org.testng.SuiteRunner.privateRun(SuiteRunner.java:387)
at org.testng.SuiteRunner.run(SuiteRunner.java:330)
at org.testng.SuiteRunnerWorker.runSuite(SuiteRunnerWorker.java:52)
at org.testng.SuiteRunnerWorker.run(SuiteRunnerWorker.java:95)
at org.testng.TestNG.runSuitesSequentially(TestNG.java:1256)
at org.testng.TestNG.runSuitesLocally(TestNG.java:1176)
at org.testng.TestNG.runSuites(TestNG.java:1099)
at org.testng.TestNG.run(TestNG.java:1067)
at org.testng.remote.AbstractRemoteTestNG.run(AbstractRemoteTestNG.java:115)
at org.testng.remote.RemoteTestNG.initAndRun(RemoteTestNG.java:251)
at org.testng.remote.RemoteTestNG.main(RemoteTestNG.java:77)
]]>
    </error>
  </testcase> <!-- accPageSetup -->
  <system-out/>
  <testcase classname="com.qa.opencart.test.AccountpageTest" name="accPageTitleTest" time="0.000">
    <skipped/>
  </testcase> <!-- accPageTitleTest -->
  <system-out/>
  <testcase classname="com.qa.opencart.test.AccountpageTest" name="accPageHeaderTest" time="0.000">
    <skipped/>
  </testcase> <!-- accPageHeaderTest -->
  <system-out/>
  <testcase classname="com.qa.opencart.test.AccountpageTest" name="isLogoutExistTest" time="0.000">
    <skipped/>
  </testcase> <!-- isLogoutExistTest -->
  <system-out/>
  <testcase classname="com.qa.opencart.test.AccountpageTest" name="accPageSectionsTest" time="0.000">
    <skipped/>
  </testcase> <!-- accPageSectionsTest -->
  <system-out/>
  <testcase classname="com.qa.opencart.test.AccountpageTest" name="searchTest" time="0.000">
    <skipped/>
  </testcase> <!-- searchTest -->
  <system-out/>
  <testcase classname="com.qa.opencart.test.AccountpageTest" name="searchTest" time="0.000">
    <skipped/>
  </testcase> <!-- searchTest -->
  <system-out/>
  <testcase classname="com.qa.opencart.test.AccountpageTest" name="searchTest" time="0.000">
    <skipped/>
  </testcase> <!-- searchTest -->
  <system-out/>
  <testcase classname="com.qa.opencart.test.AccountpageTest" name="selectProductTest" time="0.000">
    <skipped/>
  </testcase> <!-- selectProductTest -->
  <system-out/>
  <testcase classname="com.qa.opencart.test.AccountpageTest" name="selectProductTest" time="0.000">
    <skipped/>
  </testcase> <!-- selectProductTest -->
  <system-out/>
  <testcase classname="com.qa.opencart.test.AccountpageTest" name="selectProductTest" time="0.002">
    <skipped/>
  </testcase> <!-- selectProductTest -->
  <system-out/>
  <testcase classname="com.qa.opencart.test.AccountpageTest" name="selectProductTest" time="0.000">
    <skipped/>
  </testcase> <!-- selectProductTest -->
  <system-out/>
</testsuite> <!-- com.qa.opencart.test.AccountpageTest -->
