<?xml version="1.0" encoding="UTF-8"?>
<!-- Generated by org.testng.reporters.JUnitReportReporter -->
<testsuite hostname="WONDR9LGW9M6C2" failures="0" tests="4" name="com.qa.opencart.test.RegistrationPageTest" time="106.540" errors="0" timestamp="2022-12-23T22:27:02 IST" skipped="0">
  <testcase classname="com.qa.opencart.test.RegistrationPageTest" name="userRegistrationTest" time="35.545"/>
  <system-out/>
  <testcase classname="com.qa.opencart.test.RegistrationPageTest" name="userRegistrationTest" time="22.999"/>
  <system-out/>
  <testcase classname="com.qa.opencart.test.RegistrationPageTest" name="userRegistrationTest" time="23.254"/>
  <system-out/>
  <testcase classname="com.qa.opencart.test.RegistrationPageTest" name="userRegistrationTest" time="24.742"/>
  <system-out/>
</testsuite> <!-- com.qa.opencart.test.RegistrationPageTest -->
