<?xml version="1.0" encoding="UTF-8"?>
<!-- Generated by org.testng.reporters.JUnitReportReporter -->
<testsuite hostname="WONDR9LGW9M6C2" failures="0" tests="11" name="com.qa.opencart.test.AccountsPageTest" time="58.190" errors="0" timestamp="2022-12-23T17:50:06 IST" skipped="0">
  <testcase classname="com.qa.opencart.test.AccountsPageTest" name="accPageTitleTest" time="0.022"/>
  <system-out/>
  <testcase classname="com.qa.opencart.test.AccountsPageTest" name="accPageHeaderTest" time="1.001"/>
  <system-out/>
  <testcase classname="com.qa.opencart.test.AccountsPageTest" name="isLogoutExistTest" time="0.892"/>
  <system-out/>
  <testcase classname="com.qa.opencart.test.AccountsPageTest" name="accPageSectionsTest" time="0.276"/>
  <system-out/>
  <testcase classname="com.qa.opencart.test.AccountsPageTest" name="searchTest" time="3.993"/>
  <system-out/>
  <testcase classname="com.qa.opencart.test.AccountsPageTest" name="searchTest" time="3.662"/>
  <system-out/>
  <testcase classname="com.qa.opencart.test.AccountsPageTest" name="searchTest" time="3.691"/>
  <system-out/>
  <testcase classname="com.qa.opencart.test.AccountsPageTest" name="selectProductTest" time="13.720"/>
  <system-out/>
  <testcase classname="com.qa.opencart.test.AccountsPageTest" name="selectProductTest" time="10.547"/>
  <system-out/>
  <testcase classname="com.qa.opencart.test.AccountsPageTest" name="selectProductTest" time="8.696"/>
  <system-out/>
  <testcase classname="com.qa.opencart.test.AccountsPageTest" name="selectProductTest" time="11.690"/>
  <system-out/>
</testsuite> <!-- com.qa.opencart.test.AccountsPageTest -->
