<?xml version="1.0" encoding="UTF-8"?>
<!-- Generated by org.testng.reporters.JUnitReportReporter -->
<testsuite hostname="WONDR9LGW9M6C2" failures="0" tests="11" name="com.qa.opencart.test.AccountsPageTest" time="74.852" errors="0" timestamp="2022-12-24T08:46:16 IST" skipped="0">
  <testcase classname="com.qa.opencart.test.AccountsPageTest" name="accPageTitleTest" time="0.008"/>
  <system-out/>
  <testcase classname="com.qa.opencart.test.AccountsPageTest" name="accPageHeaderTest" time="1.196"/>
  <system-out/>
  <testcase classname="com.qa.opencart.test.AccountsPageTest" name="isLogoutExistTest" time="0.873"/>
  <system-out/>
  <testcase classname="com.qa.opencart.test.AccountsPageTest" name="accPageSectionsTest" time="0.630"/>
  <system-out/>
  <testcase classname="com.qa.opencart.test.AccountsPageTest" name="searchTest" time="4.703"/>
  <system-out/>
  <testcase classname="com.qa.opencart.test.AccountsPageTest" name="searchTest" time="9.750"/>
  <system-out/>
  <testcase classname="com.qa.opencart.test.AccountsPageTest" name="searchTest" time="4.431"/>
  <system-out/>
  <testcase classname="com.qa.opencart.test.AccountsPageTest" name="selectProductTest" time="13.966"/>
  <system-out/>
  <testcase classname="com.qa.opencart.test.AccountsPageTest" name="selectProductTest" time="16.062"/>
  <system-out/>
  <testcase classname="com.qa.opencart.test.AccountsPageTest" name="selectProductTest" time="10.339"/>
  <system-out/>
  <testcase classname="com.qa.opencart.test.AccountsPageTest" name="selectProductTest" time="12.894"/>
  <system-out/>
</testsuite> <!-- com.qa.opencart.test.AccountsPageTest -->
