<?xml version="1.0" encoding="UTF-8"?>
<!-- Generated by org.testng.reporters.JUnitReportReporter -->
<testsuite hostname="WONDR9LGW9M6C2" failures="0" tests="4" name="com.qa.opencart.test.RegistrationPageTest" time="96.213" errors="0" timestamp="2022-12-23T15:58:56 IST" skipped="0">
  <testcase classname="com.qa.opencart.test.RegistrationPageTest" name="userRegistrationTest" time="27.486"/>
  <system-out/>
  <testcase classname="com.qa.opencart.test.RegistrationPageTest" name="userRegistrationTest" time="23.480"/>
  <system-out/>
  <testcase classname="com.qa.opencart.test.RegistrationPageTest" name="userRegistrationTest" time="21.569"/>
  <system-out/>
  <testcase classname="com.qa.opencart.test.RegistrationPageTest" name="userRegistrationTest" time="23.678"/>
  <system-out/>
</testsuite> <!-- com.qa.opencart.test.RegistrationPageTest -->
