<?xml version="1.0" encoding="UTF-8"?>
<!-- Generated by org.testng.reporters.JUnitReportReporter -->
<testsuite hostname="WONDR9LGW9M6C2" failures="0" tests="5" name="com.qa.opencart.test.LoginpageTest" time="2.010" errors="0" timestamp="2022-12-23T20:18:17 IST" skipped="0">
  <testcase classname="com.qa.opencart.test.LoginpageTest" name="loginpagetitletest" time="0.186"/>
  <system-out/>
  <testcase classname="com.qa.opencart.test.LoginpageTest" name="loginpageurltest" time="0.013"/>
  <system-out/>
  <testcase classname="com.qa.opencart.test.LoginpageTest" name="forgetpwdlinktest" time="0.078"/>
  <system-out/>
  <testcase classname="com.qa.opencart.test.LoginpageTest" name="registerlinktest" time="0.067"/>
  <system-out/>
  <testcase classname="com.qa.opencart.test.LoginpageTest" name="loginTest" time="1.666"/>
  <system-out/>
</testsuite> <!-- com.qa.opencart.test.LoginpageTest -->
